[ 2016-10-10T19:30:57+08:00 ] ::1 /graduation/index.php
INFO: [ app_init ] --START--
INFO: Run Behavior\BuildLiteBehavior [ RunTime:0.000065s ]
INFO: [ app_init ] --END-- [ RunTime:0.002079s ]
INFO: [ app_begin ] --START--
INFO: Run Behavior\ReadHtmlCacheBehavior [ RunTime:0.002739s ]
INFO: [ app_begin ] --END-- [ RunTime:0.002947s ]
INFO: [ view_parse ] --START--
INFO: [ template_filter ] --START--
INFO: Run Behavior\ContentReplaceBehavior [ RunTime:0.000525s ]
INFO: [ template_filter ] --END-- [ RunTime:0.000756s ]
INFO: Run Behavior\ParseTemplateBehavior [ RunTime:0.029010s ]
INFO: [ view_parse ] --END-- [ RunTime:0.029280s ]
INFO: [ view_filter ] --START--
INFO: Run Behavior\WriteHtmlCacheBehavior [ RunTime:0.002146s ]
INFO: [ view_filter ] --END-- [ RunTime:0.002312s ]
INFO: [ app_end ] --START--
INFO: Run Behavior\ShowPageTraceBehavior [ RunTime:0.003476s ]
INFO: [ app_end ] --END-- [ RunTime:0.003689s ]

[ 2016-10-10T19:31:05+08:00 ] ::1 /graduation/index.php/Home/Index/main.html
INFO: [ app_init ] --START--
INFO: Run Behavior\BuildLiteBehavior [ RunTime:0.000025s ]
INFO: [ app_init ] --END-- [ RunTime:0.000598s ]
INFO: [ app_begin ] --START--
INFO: Run Behavior\ReadHtmlCacheBehavior [ RunTime:0.000487s ]
INFO: [ app_begin ] --END-- [ RunTime:0.000536s ]
INFO: [ view_parse ] --START--
INFO: [ template_filter ] --START--
INFO: Run Behavior\ContentReplaceBehavior [ RunTime:0.000473s ]
INFO: [ template_filter ] --END-- [ RunTime:0.000682s ]
INFO: Run Behavior\ParseTemplateBehavior [ RunTime:0.031843s ]
INFO: [ view_parse ] --END-- [ RunTime:0.031957s ]
INFO: [ view_filter ] --START--
INFO: Run Behavior\WriteHtmlCacheBehavior [ RunTime:0.000416s ]
INFO: [ view_filter ] --END-- [ RunTime:0.000460s ]
INFO: [ app_end ] --START--
INFO: Run Behavior\ShowPageTraceBehavior [ RunTime:0.000859s ]
INFO: [ app_end ] --END-- [ RunTime:0.000908s ]

