[ 2016-02-14T14:34:18+08:00 ] ::1 /graduation/admin.php
INFO: [ app_init ] --START--
INFO: Run Behavior\BuildLiteBehavior [ RunTime:0.000021s ]
INFO: [ app_init ] --END-- [ RunTime:0.000779s ]
INFO: [ app_begin ] --START--
INFO: Run Behavior\ReadHtmlCacheBehavior [ RunTime:0.001369s ]
INFO: [ app_begin ] --END-- [ RunTime:0.001461s ]
INFO: [ view_parse ] --START--
INFO: [ template_filter ] --START--
INFO: Run Behavior\ContentReplaceBehavior [ RunTime:0.000062s ]
INFO: [ template_filter ] --END-- [ RunTime:0.000149s ]
INFO: Run Behavior\ParseTemplateBehavior [ RunTime:0.009076s ]
INFO: [ view_parse ] --END-- [ RunTime:0.009178s ]
INFO: [ view_filter ] --START--
INFO: Run Behavior\WriteHtmlCacheBehavior [ RunTime:0.000777s ]
INFO: [ view_filter ] --END-- [ RunTime:0.000844s ]
INFO: [ app_end ] --START--
INFO: Run Behavior\ShowPageTraceBehavior [ RunTime:0.001026s ]
INFO: [ app_end ] --END-- [ RunTime:0.001098s ]

[ 2016-02-14T16:35:12+08:00 ] ::1 /graduation/admin.php
INFO: [ app_init ] --START--
INFO: Run Behavior\BuildLiteBehavior [ RunTime:0.000020s ]
INFO: [ app_init ] --END-- [ RunTime:0.000759s ]
INFO: [ app_begin ] --START--
INFO: Run Behavior\ReadHtmlCacheBehavior [ RunTime:0.001099s ]
INFO: [ app_begin ] --END-- [ RunTime:0.001208s ]

[ 2016-02-14T16:36:30+08:00 ] ::1 /graduation/admin.php
INFO: [ app_init ] --START--
INFO: Run Behavior\BuildLiteBehavior [ RunTime:0.000020s ]
INFO: [ app_init ] --END-- [ RunTime:0.000549s ]
INFO: [ app_begin ] --START--
INFO: Run Behavior\ReadHtmlCacheBehavior [ RunTime:0.000702s ]
INFO: [ app_begin ] --END-- [ RunTime:0.000789s ]
NOTIC: [8] Undefined index: PHPSESSID D:\Program Files\USBWebserver\root\graduation\Application\Common\Controller\AdminBaseController.class.php 第 13 行.
NOTIC: [8] Use of undefined constant WEB_ROOT - assumed 'WEB_ROOT' D:\Program Files\USBWebserver\root\graduation\Application\Admin\Controller\IndexController.class.php 第 23 行.
SQL: SHOW COLUMNS FROM `t_sys_menu` [ RunTime:0.4724s ]
SQL: SELECT * FROM `t_sys_menu` WHERE `status` = 1 ORDER BY sort  [ RunTime:0.0493s ]

[ 2016-02-14T16:37:07+08:00 ] ::1 /graduation/admin.php
INFO: [ app_init ] --START--
INFO: Run Behavior\BuildLiteBehavior [ RunTime:0.000019s ]
INFO: [ app_init ] --END-- [ RunTime:0.000546s ]
INFO: [ app_begin ] --START--
INFO: Run Behavior\ReadHtmlCacheBehavior [ RunTime:0.000686s ]
INFO: [ app_begin ] --END-- [ RunTime:0.000773s ]
NOTIC: [8] Undefined index: PHPSESSID D:\Program Files\USBWebserver\root\graduation\Application\Common\Controller\AdminBaseController.class.php 第 13 行.
NOTIC: [8] Use of undefined constant WEB_ROOT - assumed 'WEB_ROOT' D:\Program Files\USBWebserver\root\graduation\Application\Admin\Controller\IndexController.class.php 第 23 行.
SQL: SHOW COLUMNS FROM `t_sys_menu` [ RunTime:0.0090s ]
SQL: SELECT * FROM `t_sys_menu` WHERE `status` = 1 ORDER BY sort  [ RunTime:0.0010s ]

[ 2016-02-14T16:37:10+08:00 ] ::1 /graduation/admin.php
INFO: [ app_init ] --START--
INFO: Run Behavior\BuildLiteBehavior [ RunTime:0.000021s ]
INFO: [ app_init ] --END-- [ RunTime:0.000614s ]
INFO: [ app_begin ] --START--
INFO: Run Behavior\ReadHtmlCacheBehavior [ RunTime:0.000875s ]
INFO: [ app_begin ] --END-- [ RunTime:0.000973s ]
NOTIC: [8] Undefined index: PHPSESSID D:\Program Files\USBWebserver\root\graduation\Application\Common\Controller\AdminBaseController.class.php 第 13 行.
NOTIC: [8] Use of undefined constant WEB_ROOT - assumed 'WEB_ROOT' D:\Program Files\USBWebserver\root\graduation\Application\Admin\Controller\IndexController.class.php 第 23 行.
SQL: SHOW COLUMNS FROM `t_sys_menu` [ RunTime:0.0082s ]
SQL: SELECT * FROM `t_sys_menu` WHERE `status` = 1 ORDER BY sort  [ RunTime:0.0010s ]

[ 2016-02-14T16:37:11+08:00 ] ::1 /graduation/admin.php
INFO: [ app_init ] --START--
INFO: Run Behavior\BuildLiteBehavior [ RunTime:0.000021s ]
INFO: [ app_init ] --END-- [ RunTime:0.000725s ]
INFO: [ app_begin ] --START--
INFO: Run Behavior\ReadHtmlCacheBehavior [ RunTime:0.000716s ]
INFO: [ app_begin ] --END-- [ RunTime:0.000807s ]
NOTIC: [8] Undefined index: PHPSESSID D:\Program Files\USBWebserver\root\graduation\Application\Common\Controller\AdminBaseController.class.php 第 13 行.
NOTIC: [8] Use of undefined constant WEB_ROOT - assumed 'WEB_ROOT' D:\Program Files\USBWebserver\root\graduation\Application\Admin\Controller\IndexController.class.php 第 23 行.
SQL: SHOW COLUMNS FROM `t_sys_menu` [ RunTime:0.0084s ]
SQL: SELECT * FROM `t_sys_menu` WHERE `status` = 1 ORDER BY sort  [ RunTime:0.0009s ]

[ 2016-02-14T16:38:18+08:00 ] ::1 /graduation/admin.php
INFO: [ app_init ] --START--
INFO: Run Behavior\BuildLiteBehavior [ RunTime:0.000024s ]
INFO: [ app_init ] --END-- [ RunTime:0.000984s ]
INFO: [ app_begin ] --START--
INFO: Run Behavior\ReadHtmlCacheBehavior [ RunTime:0.000911s ]
INFO: [ app_begin ] --END-- [ RunTime:0.001028s ]
NOTIC: [8] Undefined index: PHPSESSID D:\Program Files\USBWebserver\root\graduation\Application\Common\Controller\AdminBaseController.class.php 第 13 行.
NOTIC: [8] Use of undefined constant WEB_ROOT - assumed 'WEB_ROOT' D:\Program Files\USBWebserver\root\graduation\Application\Admin\Controller\IndexController.class.php 第 23 行.
SQL: SHOW COLUMNS FROM `t_sys_menu` [ RunTime:0.0080s ]
SQL: SELECT * FROM `t_sys_menu` WHERE `status` = 1 ORDER BY sort  [ RunTime:0.0009s ]

[ 2016-02-14T16:38:20+08:00 ] ::1 /graduation/admin.php
INFO: [ app_init ] --START--
INFO: Run Behavior\BuildLiteBehavior [ RunTime:0.000025s ]
INFO: [ app_init ] --END-- [ RunTime:0.000830s ]
INFO: [ app_begin ] --START--
INFO: Run Behavior\ReadHtmlCacheBehavior [ RunTime:0.000676s ]
INFO: [ app_begin ] --END-- [ RunTime:0.000757s ]
NOTIC: [8] Undefined index: PHPSESSID D:\Program Files\USBWebserver\root\graduation\Application\Common\Controller\AdminBaseController.class.php 第 13 行.
NOTIC: [8] Use of undefined constant WEB_ROOT - assumed 'WEB_ROOT' D:\Program Files\USBWebserver\root\graduation\Application\Admin\Controller\IndexController.class.php 第 23 行.
SQL: SHOW COLUMNS FROM `t_sys_menu` [ RunTime:0.0080s ]
SQL: SELECT * FROM `t_sys_menu` WHERE `status` = 1 ORDER BY sort  [ RunTime:0.0011s ]

[ 2016-02-14T16:39:47+08:00 ] ::1 /graduation/admin.php
INFO: [ app_init ] --START--
INFO: Run Behavior\BuildLiteBehavior [ RunTime:0.000023s ]
INFO: [ app_init ] --END-- [ RunTime:0.001504s ]
INFO: [ app_begin ] --START--
INFO: Run Behavior\ReadHtmlCacheBehavior [ RunTime:0.000748s ]
INFO: [ app_begin ] --END-- [ RunTime:0.000848s ]
NOTIC: [8] Undefined index: PHPSESSID D:\Program Files\USBWebserver\root\graduation\Application\Common\Controller\AdminBaseController.class.php 第 13 行.
NOTIC: [8] Use of undefined constant WEB_ROOT - assumed 'WEB_ROOT' D:\Program Files\USBWebserver\root\graduation\Application\Admin\Controller\IndexController.class.php 第 23 行.
SQL: SHOW COLUMNS FROM `t_sys_menu` [ RunTime:0.0093s ]
SQL: SELECT * FROM `t_sys_menu` WHERE `status` = 1 ORDER BY sort  [ RunTime:0.0010s ]

[ 2016-02-14T16:41:45+08:00 ] ::1 /graduation/admin.php
INFO: [ app_init ] --START--
INFO: Run Behavior\BuildLiteBehavior [ RunTime:0.000018s ]
INFO: [ app_init ] --END-- [ RunTime:0.000590s ]
INFO: [ app_begin ] --START--
INFO: Run Behavior\ReadHtmlCacheBehavior [ RunTime:0.001084s ]
INFO: [ app_begin ] --END-- [ RunTime:0.001302s ]
NOTIC: [8] Undefined index: PHPSESSID D:\Program Files\USBWebserver\root\graduation\Application\Common\Controller\AdminBaseController.class.php 第 13 行.
NOTIC: [8] Use of undefined constant WEB_ROOT - assumed 'WEB_ROOT' D:\Program Files\USBWebserver\root\graduation\Application\Admin\Controller\IndexController.class.php 第 23 行.
SQL: SHOW COLUMNS FROM `t_sys_menu` [ RunTime:0.0079s ]
SQL: SELECT * FROM `t_sys_menu` WHERE `status` = 1 ORDER BY sort  [ RunTime:0.0014s ]

[ 2016-02-14T16:41:47+08:00 ] ::1 /graduation/admin.php
INFO: [ app_init ] --START--
INFO: Run Behavior\BuildLiteBehavior [ RunTime:0.000025s ]
INFO: [ app_init ] --END-- [ RunTime:0.000860s ]
INFO: [ app_begin ] --START--
INFO: Run Behavior\ReadHtmlCacheBehavior [ RunTime:0.000731s ]
INFO: [ app_begin ] --END-- [ RunTime:0.000828s ]
NOTIC: [8] Undefined index: PHPSESSID D:\Program Files\USBWebserver\root\graduation\Application\Common\Controller\AdminBaseController.class.php 第 13 行.
NOTIC: [8] Use of undefined constant WEB_ROOT - assumed 'WEB_ROOT' D:\Program Files\USBWebserver\root\graduation\Application\Admin\Controller\IndexController.class.php 第 23 行.
SQL: SHOW COLUMNS FROM `t_sys_menu` [ RunTime:0.0130s ]
SQL: SELECT * FROM `t_sys_menu` WHERE `status` = 1 ORDER BY sort  [ RunTime:0.0023s ]

[ 2016-02-14T16:42:02+08:00 ] ::1 /graduation/admin.php
INFO: [ app_init ] --START--
INFO: Run Behavior\BuildLiteBehavior [ RunTime:0.000021s ]
INFO: [ app_init ] --END-- [ RunTime:0.000568s ]
INFO: [ app_begin ] --START--
INFO: Run Behavior\ReadHtmlCacheBehavior [ RunTime:0.000705s ]
INFO: [ app_begin ] --END-- [ RunTime:0.000799s ]
NOTIC: [8] Undefined index: PHPSESSID D:\Program Files\USBWebserver\root\graduation\Application\Common\Controller\AdminBaseController.class.php 第 13 行.
NOTIC: [8] Use of undefined constant WEB_ROOT - assumed 'WEB_ROOT' D:\Program Files\USBWebserver\root\graduation\Application\Admin\Controller\IndexController.class.php 第 23 行.
SQL: SHOW COLUMNS FROM `t_sys_menu` [ RunTime:0.0081s ]
SQL: SELECT * FROM `t_sys_menu` WHERE `status` = 1 ORDER BY sort  [ RunTime:0.0009s ]

[ 2016-02-14T16:43:03+08:00 ] ::1 /graduation/admin.php
INFO: [ app_init ] --START--
INFO: Run Behavior\BuildLiteBehavior [ RunTime:0.000031s ]
INFO: [ app_init ] --END-- [ RunTime:0.000746s ]
INFO: [ app_begin ] --START--
INFO: Run Behavior\ReadHtmlCacheBehavior [ RunTime:0.000753s ]
INFO: [ app_begin ] --END-- [ RunTime:0.000856s ]
NOTIC: [8] Undefined index: PHPSESSID D:\Program Files\USBWebserver\root\graduation\Application\Common\Controller\AdminBaseController.class.php 第 13 行.
NOTIC: [8] Use of undefined constant WEB_ROOT - assumed 'WEB_ROOT' D:\Program Files\USBWebserver\root\graduation\Application\Admin\Controller\IndexController.class.php 第 23 行.
SQL: SHOW COLUMNS FROM `t_sys_menu` [ RunTime:0.0084s ]
SQL: SELECT * FROM `t_sys_menu` WHERE `status` = 1 ORDER BY sort  [ RunTime:0.0018s ]
INFO: [ view_parse ] --START--
INFO: [ template_filter ] --START--
INFO: Run Behavior\ContentReplaceBehavior [ RunTime:0.000199s ]
INFO: [ template_filter ] --END-- [ RunTime:0.000373s ]
INFO: Run Behavior\ParseTemplateBehavior [ RunTime:0.064787s ]
INFO: [ view_parse ] --END-- [ RunTime:0.065219s ]
INFO: [ view_filter ] --START--
INFO: Run Behavior\WriteHtmlCacheBehavior [ RunTime:0.000813s ]
INFO: [ view_filter ] --END-- [ RunTime:0.000897s ]
INFO: [ app_end ] --START--
INFO: Run Behavior\ShowPageTraceBehavior [ RunTime:0.001224s ]
INFO: [ app_end ] --END-- [ RunTime:0.002181s ]

[ 2016-02-14T16:45:09+08:00 ] ::1 /graduation/admin.php
INFO: [ app_init ] --START--
INFO: Run Behavior\BuildLiteBehavior [ RunTime:0.000020s ]
INFO: [ app_init ] --END-- [ RunTime:0.000630s ]
INFO: [ app_begin ] --START--
INFO: Run Behavior\ReadHtmlCacheBehavior [ RunTime:0.000821s ]
INFO: [ app_begin ] --END-- [ RunTime:0.000913s ]
NOTIC: [8] Undefined index: PHPSESSID D:\Program Files\USBWebserver\root\graduation\Application\Common\Controller\AdminBaseController.class.php 第 13 行.
NOTIC: [8] Use of undefined constant WEB_ROOT - assumed 'WEB_ROOT' D:\Program Files\USBWebserver\root\graduation\Application\Admin\Controller\IndexController.class.php 第 23 行.
SQL: SHOW COLUMNS FROM `t_sys_menu` [ RunTime:0.0100s ]
SQL: SELECT * FROM `t_sys_menu` WHERE `status` = 1 ORDER BY sort  [ RunTime:0.0013s ]
INFO: [ view_parse ] --START--
INFO: [ template_filter ] --START--
INFO: Run Behavior\ContentReplaceBehavior [ RunTime:0.000189s ]
INFO: [ template_filter ] --END-- [ RunTime:0.000423s ]
INFO: Run Behavior\ParseTemplateBehavior [ RunTime:0.019463s ]
INFO: [ view_parse ] --END-- [ RunTime:0.019602s ]
INFO: [ view_filter ] --START--
INFO: Run Behavior\WriteHtmlCacheBehavior [ RunTime:0.000764s ]
INFO: [ view_filter ] --END-- [ RunTime:0.000849s ]
INFO: [ app_end ] --START--
INFO: Run Behavior\ShowPageTraceBehavior [ RunTime:0.001017s ]
INFO: [ app_end ] --END-- [ RunTime:0.001120s ]

[ 2016-02-14T16:45:44+08:00 ] ::1 /graduation/admin.php/User/logout.html
INFO: [ app_init ] --START--
INFO: Run Behavior\BuildLiteBehavior [ RunTime:0.000029s ]
INFO: [ app_init ] --END-- [ RunTime:0.000694s ]
INFO: [ app_begin ] --START--
INFO: Run Behavior\ReadHtmlCacheBehavior [ RunTime:0.001174s ]
INFO: [ app_begin ] --END-- [ RunTime:0.001293s ]
ERR: 无法加载控制器:User

[ 2016-02-14T18:09:53+08:00 ] ::1 /graduation/admin.php/User/logout.html
INFO: [ app_init ] --START--
INFO: Run Behavior\BuildLiteBehavior [ RunTime:0.000022s ]
INFO: [ app_init ] --END-- [ RunTime:0.000653s ]
INFO: [ app_begin ] --START--
INFO: Run Behavior\ReadHtmlCacheBehavior [ RunTime:0.000844s ]
INFO: [ app_begin ] --END-- [ RunTime:0.000938s ]

[ 2016-02-14T18:09:53+08:00 ] ::1 /graduation/admin.php/User/login.html
INFO: [ app_init ] --START--
INFO: Run Behavior\BuildLiteBehavior [ RunTime:0.000020s ]
INFO: [ app_init ] --END-- [ RunTime:0.000555s ]
INFO: [ app_begin ] --START--
INFO: Run Behavior\ReadHtmlCacheBehavior [ RunTime:0.000686s ]
INFO: [ app_begin ] --END-- [ RunTime:0.000797s ]
INFO: [ view_parse ] --START--
INFO: [ template_filter ] --START--
INFO: Run Behavior\ContentReplaceBehavior [ RunTime:0.000096s ]
INFO: [ template_filter ] --END-- [ RunTime:0.000195s ]
NOTIC: [8] Undefined variable: username D:\Program Files\USBWebserver\root\graduation\Application\Runtime\Cache\Admin\dd023d97164b5a749e2edb2ef1228c9f.php 第 31 行.
NOTIC: [8] Undefined variable: password D:\Program Files\USBWebserver\root\graduation\Application\Runtime\Cache\Admin\dd023d97164b5a749e2edb2ef1228c9f.php 第 37 行.
INFO: Run Behavior\ParseTemplateBehavior [ RunTime:0.011681s ]
INFO: [ view_parse ] --END-- [ RunTime:0.011773s ]
INFO: [ view_filter ] --START--
INFO: Run Behavior\WriteHtmlCacheBehavior [ RunTime:0.000706s ]
INFO: [ view_filter ] --END-- [ RunTime:0.000785s ]
INFO: [ app_end ] --START--
INFO: Run Behavior\ShowPageTraceBehavior [ RunTime:0.000852s ]
INFO: [ app_end ] --END-- [ RunTime:0.000938s ]

[ 2016-02-14T18:09:53+08:00 ] ::1 /graduation/admin.php/User/__bootstrap__/css/bootstrap.min.css
INFO: [ app_init ] --START--
INFO: Run Behavior\BuildLiteBehavior [ RunTime:0.000021s ]
INFO: [ app_init ] --END-- [ RunTime:0.000654s ]
INFO: [ app_begin ] --START--
INFO: Run Behavior\ReadHtmlCacheBehavior [ RunTime:0.001665s ]
INFO: [ app_begin ] --END-- [ RunTime:0.001836s ]
ERR: 非法操作:__bootstrap__

[ 2016-02-14T18:09:54+08:00 ] ::1 /graduation/admin.php/User/getCheckCode.html
INFO: [ app_init ] --START--
INFO: Run Behavior\BuildLiteBehavior [ RunTime:0.000021s ]
INFO: [ app_init ] --END-- [ RunTime:0.000717s ]
INFO: [ app_begin ] --START--
INFO: Run Behavior\ReadHtmlCacheBehavior [ RunTime:0.001080s ]
INFO: [ app_begin ] --END-- [ RunTime:0.001369s ]

[ 2016-02-14T18:09:54+08:00 ] ::1 /graduation/admin.php/User/__bootstrap__/js/bootstrap.min.js
INFO: [ app_init ] --START--
INFO: Run Behavior\BuildLiteBehavior [ RunTime:0.000027s ]
INFO: [ app_init ] --END-- [ RunTime:0.000772s ]
INFO: [ app_begin ] --START--
INFO: Run Behavior\ReadHtmlCacheBehavior [ RunTime:0.002500s ]
INFO: [ app_begin ] --END-- [ RunTime:0.002670s ]
ERR: 非法操作:__bootstrap__

